<?xml version="1.0" encoding="UTF-8"?>
<!-- Generated by org.testng.reporters.JUnitReportReporter -->
<testsuite hostname="Gajawadas-PC" failures="0" tests="2" name="Academy.homePage" time="86.323" errors="0" timestamp="11 Feb 2021 10:18:12 GMT" skipped="0">
  <testcase classname="Academy.homePage" name="basepageNavigation" time="76.462"/>
  <testcase classname="Academy.homePage" name="basepageNavigation" time="9.861"/>
</testsuite> <!-- Academy.homePage -->
