<?xml version="1.0" encoding="UTF-8"?>
<!-- Generated by org.testng.reporters.JUnitReportReporter -->
<testsuite hostname="Gajawadas-PC" failures="0" tests="1" name="Academy.ValidatenavigationBar" time="6.733" errors="0" timestamp="11 Feb 2021 10:18:12 GMT" skipped="0">
  <testcase classname="Academy.ValidatenavigationBar" name="navigation" time="6.733"/>
</testsuite> <!-- Academy.ValidatenavigationBar -->
