<?xml version="1.0" encoding="UTF-8"?>
<!-- Generated by org.testng.reporters.JUnitReportReporter -->
<testsuite hostname="Gajawadas-PC" failures="0" tests="1" name="Academy.ValidatenavigationBar" time="0.493" errors="0" timestamp="01 Feb 2021 13:26:39 GMT" skipped="0">
  <testcase classname="Academy.ValidatenavigationBar" name="navigation" time="0.493"/>
</testsuite> <!-- Academy.ValidatenavigationBar -->
