<?xml version="1.0" encoding="UTF-8"?>
<!-- Generated by org.testng.reporters.JUnitReportReporter -->
<testsuite hostname="Gajawadas-PC" failures="0" tests="2" name="Academy.homePage" time="40.737" errors="0" timestamp="01 Feb 2021 13:26:39 GMT" skipped="0">
  <testcase classname="Academy.homePage" name="basepageNavigation" time="35.892"/>
  <testcase classname="Academy.homePage" name="basepageNavigation" time="4.845"/>
</testsuite> <!-- Academy.homePage -->
